<?xml version="1.0" encoding="UTF-8"?>
<!-- Generated by org.testng.reporters.JUnitXMLReporter -->
<testsuite ignored="9" hostname="ADMIN" failures="0" tests="1" name="Default test" time="13.423" errors="0" timestamp="2022-08-07T17:09:20 IST">
  <testcase classname="com.Demo.Child_Browser_Popup" name="webTable_Example" time="5.417"/>
  <testcase classname="com.Demo.Child_Browser_Popup" name="switching_Window" time="0.0">
    <ignored/>
  </testcase> <!-- switching_Window -->
  <testcase classname="com.Demo.Child_Browser_Popup" name="handleTabsUsingGetWindowHandles" time="0.0">
    <ignored/>
  </testcase> <!-- handleTabsUsingGetWindowHandles -->
  <testcase classname="com.Demo.Child_Browser_Popup" name="close_All_Window" time="0.0">
    <ignored/>
  </testcase> <!-- close_All_Window -->
  <testcase classname="com.Demo.Child_Browser_Popup" name="autosuggestionExGoogleSearch" time="0.0">
    <ignored/>
  </testcase> <!-- autosuggestionExGoogleSearch -->
  <testcase classname="com.Demo.Child_Browser_Popup" name="studentMarks" time="0.0">
    <ignored/>
  </testcase> <!-- studentMarks -->
  <testcase classname="com.Demo.Child_Browser_Popup" name="visibleLink_invisibleLink" time="0.0">
    <ignored/>
  </testcase> <!-- visibleLink_invisibleLink -->
  <testcase classname="com.Demo.Child_Browser_Popup" name="closeParentWindow" time="0.0">
    <ignored/>
  </testcase> <!-- closeParentWindow -->
  <testcase classname="com.Demo.Child_Browser_Popup" name="closeAllChildWindow" time="0.0">
    <ignored/>
  </testcase> <!-- closeAllChildWindow -->
  <testcase classname="com.Demo.Child_Browser_Popup" name="closeAnySpecificWindow" time="0.0">
    <ignored/>
  </testcase> <!-- closeAnySpecificWindow -->
</testsuite> <!-- Default test -->
