<?xml version="1.0" encoding="UTF-8"?>
<testng-results ignored="9" total="10" passed="1" failed="0" skipped="0">
  <reporter-output>
  </reporter-output>
  <suite started-at="2022-08-07T17:09:06 IST" name="Default suite" finished-at="2022-08-07T17:09:20 IST" duration-ms="13423">
    <groups>
    </groups>
    <test started-at="2022-08-07T17:09:06 IST" name="Default test" finished-at="2022-08-07T17:09:20 IST" duration-ms="13423">
      <class name="com.Demo.Child_Browser_Popup">
        <test-method is-config="true" signature="launch_Browser()[pri:0, instance:com.Demo.Child_Browser_Popup@58d75e99]" started-at="2022-08-07T17:09:06 IST" name="launch_Browser" finished-at="2022-08-07T17:09:14 IST" duration-ms="7847" status="PASS">
          <reporter-output>
          </reporter-output>
        </test-method> <!-- launch_Browser -->
        <test-method signature="webTable_Example()[pri:0, instance:com.Demo.Child_Browser_Popup@58d75e99]" started-at="2022-08-07T17:09:14 IST" name="webTable_Example" finished-at="2022-08-07T17:09:20 IST" duration-ms="5417" status="PASS">
          <reporter-output>
          </reporter-output>
        </test-method> <!-- webTable_Example -->
      </class> <!-- com.Demo.Child_Browser_Popup -->
    </test> <!-- Default test -->
  </suite> <!-- Default suite -->
</testng-results>
